<?xml version="1.0" encoding="UTF-8"?>
<!-- Generated by org.testng.reporters.JUnitXMLReporter -->
<testsuite ignored="0" hostname="DESKTOP-06TRTHG" failures="0" tests="5" name="Default test" time="0.275" errors="0" timestamp="2025-07-29T19:03:01 IST">
  <testcase classname="tests.JenkinsTest" name="additionTest" time="0.083"/>
  <testcase classname="tests.JenkinsTest" name="falseConditionTest" time="0.005"/>
  <testcase classname="tests.JenkinsTest" name="printTest" time="0.005"/>
  <testcase classname="tests.JenkinsTest" name="stringEqualityTest" time="0.006"/>
  <testcase classname="tests.JenkinsTest" name="trueConditionTest" time="0.008"/>
</testsuite> <!-- Default test -->
