<?xml version="1.0" encoding="UTF-8"?>
<!-- Generated by org.testng.reporters.JUnitXMLReporter -->
<testsuite ignored="6" hostname="DESKTOP-06TRTHG" failures="2" tests="2" name="SequentialTestRun" time="47.11" errors="0" timestamp="2025-07-28T21:52:20 IST">
  <testcase classname="tests.OrganizationTest" name="varifyOrganizationPageFunctionality" time="0.023">
    <failure type="java.lang.Error" message="Unresolved compilation problem: 
	Cannot make a static reference to the non-static field BasesetupQuickDev.driver
">
      <![CDATA[java.lang.Error: Unresolved compilation problem: 
Cannot make a static reference to the non-static field BasesetupQuickDev.driver

at common.SafeActionsQuickDev.<init>(SafeActionsQuickDev.java:9)
at pages.OrganizationPage.<init>(OrganizationPage.java:8)
at tests.OrganizationTest.varifyOrganizationPageFunctionality(OrganizationTest.java:17)
at java.base/java.util.ArrayList.forEach(ArrayList.java:1597)
... Removed 25 stack frames]]>
    </failure>
  </testcase> <!-- varifyOrganizationPageFunctionality -->
  <testcase classname="tests.ProfileTest" name="VerifyProfileFunctionality" time="0.017">
    <failure type="java.lang.Error" message="Unresolved compilation problem: 
	Cannot make a static reference to the non-static field BasesetupQuickDev.driver
">
      <![CDATA[java.lang.Error: Unresolved compilation problem: 
Cannot make a static reference to the non-static field BasesetupQuickDev.driver

at common.SafeActionsQuickDev.<init>(SafeActionsQuickDev.java:9)
at pages.ProfilePage.<init>(ProfilePage.java:8)
at tests.ProfileTest.VerifyProfileFunctionality(ProfileTest.java:26)
at java.base/java.util.ArrayList.forEach(ArrayList.java:1597)
... Removed 25 stack frames]]>
    </failure>
  </testcase> <!-- VerifyProfileFunctionality -->
  <testcase classname="tests.ProfileTest" name="VerifyProfileGifFunctionality" time="0.0">
    <ignored/>
  </testcase> <!-- VerifyProfileGifFunctionality -->
  <testcase classname="tests.ProfileTest" name="VerifyProfilePngFunctionality" time="0.0">
    <ignored/>
  </testcase> <!-- VerifyProfilePngFunctionality -->
  <testcase classname="common.BasesetupQuickDev" name="@AfterSuite flushReport" time="0.0">
    <ignored/>
  </testcase> <!-- @AfterSuite flushReport -->
  <testcase classname="tests.OrganizationTest" name="OrganizationPageGifFunctionality" time="0.0">
    <ignored/>
  </testcase> <!-- OrganizationPageGifFunctionality -->
  <testcase classname="tests.ProfileTest" name="VerifyProfileJfifFunctionality" time="0.0">
    <ignored/>
  </testcase> <!-- VerifyProfileJfifFunctionality -->
  <testcase classname="common.BasesetupQuickDev" name="@BeforeSuite setupExtentReport" time="0.0">
    <ignored/>
  </testcase> <!-- @BeforeSuite setupExtentReport -->
</testsuite> <!-- SequentialTestRun -->
