<?xml version="1.0" encoding="UTF-8"?>
<!-- Generated by org.testng.reporters.JUnitXMLReporter -->
<testsuite ignored="0" hostname="DESKTOP-06TRTHG" failures="0" tests="10" name="Test" time="0.452" errors="0" timestamp="2025-07-29T17:19:43 IST">
  <testcase classname="tests.Demo" name="test1" time="0.097"/>
  <testcase classname="tests.Demo" name="test10" time="0.006"/>
  <testcase classname="tests.Demo" name="test2" time="0.018"/>
  <testcase classname="tests.Demo" name="test3" time="0.005"/>
  <testcase classname="tests.Demo" name="test4" time="0.011"/>
  <testcase classname="tests.Demo" name="test5" time="0.008"/>
  <testcase classname="tests.Demo" name="test6" time="0.005"/>
  <testcase classname="tests.Demo" name="test7" time="0.011"/>
  <testcase classname="tests.Demo" name="test8" time="0.004"/>
  <testcase classname="tests.Demo" name="test9" time="0.007"/>
</testsuite> <!-- Test -->
