<?xml version="1.0" encoding="UTF-8"?>
<!-- Generated by org.testng.reporters.JUnitXMLReporter -->
<testsuite ignored="0" hostname="DESKTOP-06TRTHG" failures="0" tests="5" name="Test" time="0.226" errors="0" timestamp="2025-07-30T17:05:17 IST">
  <testcase classname="tests.JenkinsTest" name="additionTest" time="0.074"/>
  <testcase classname="tests.JenkinsTest" name="falseConditionTest" time="0.002"/>
  <testcase classname="tests.JenkinsTest" name="printTest" time="0.002"/>
  <testcase classname="tests.JenkinsTest" name="stringEqualityTest" time="0.002"/>
  <testcase classname="tests.JenkinsTest" name="trueConditionTest" time="0.001"/>
</testsuite> <!-- Test -->
