<?xml version="1.0" encoding="UTF-8"?>
<!-- Generated by org.testng.reporters.JUnitXMLReporter -->
<testsuite ignored="3" hostname="DESKTOP-06TRTHG" failures="0" tests="11" name="Test" time="27.866" errors="0" timestamp="2025-07-29T17:15:45 IST">
  <testcase classname="tests.ProfileTest" name="VerifyProfileFunctionality" time="11.73"/>
  <testcase classname="tests.Demo" name="test1" time="0.0"/>
  <testcase classname="tests.Demo" name="test10" time="0.017"/>
  <testcase classname="tests.Demo" name="test2" time="0.005"/>
  <testcase classname="tests.Demo" name="test3" time="0.003"/>
  <testcase classname="tests.Demo" name="test4" time="0.004"/>
  <testcase classname="tests.Demo" name="test5" time="0.007"/>
  <testcase classname="tests.Demo" name="test6" time="0.0"/>
  <testcase classname="tests.Demo" name="test7" time="0.003"/>
  <testcase classname="tests.Demo" name="test8" time="0.007"/>
  <testcase classname="tests.Demo" name="test9" time="0.0"/>
  <testcase classname="tests.ProfileTest" name="VerifyProfileJfifFunctionality" time="0.0">
    <ignored/>
  </testcase> <!-- VerifyProfileJfifFunctionality -->
  <testcase classname="tests.ProfileTest" name="VerifyProfilePngFunctionality" time="0.0">
    <ignored/>
  </testcase> <!-- VerifyProfilePngFunctionality -->
  <testcase classname="tests.ProfileTest" name="VerifyProfileGifFunctionality" time="0.0">
    <ignored/>
  </testcase> <!-- VerifyProfileGifFunctionality -->
</testsuite> <!-- Test -->
