<?xml version="1.0" encoding="UTF-8"?>
<!-- Generated by org.testng.reporters.JUnitXMLReporter -->
<testsuite ignored="6" hostname="DESKTOP-06TRTHG" failures="1" tests="2" name="QuickDev-Sanity" time="25.293" errors="0" timestamp="2025-07-28T23:03:58 IST">
  <testcase classname="tests.OrganizationTest" name="varifyOrganizationPageFunctionality" time="13.151"/>
  <testcase classname="tests.ProfileTest" name="VerifyProfileFunctionality" time="11.223">
    <failure type="org.openqa.selenium.TimeoutException" message="Expected condition failed: waiting for visibility of element located by By.xpath: //span[text() = &amp;apos;Profile&amp;apos;] (tried for 10 second(s) with 500 milliseconds interval)
Build info: version: &amp;apos;4.28.0&amp;apos;, revision: &amp;apos;ac342546e9&amp;apos;
System info: os.name: &amp;apos;Windows 11&amp;apos;, os.arch: &amp;apos;amd64&amp;apos;, os.version: &amp;apos;10.0&amp;apos;, java.version: &amp;apos;23.0.1&amp;apos;
Driver info: org.openqa.selenium.chrome.ChromeDriver
Capabilities {acceptInsecureCerts: false, browserName: chrome, browserVersion: 138.0.7204.169, chrome: {chromedriverVersion: 138.0.7204.168 (3e8d82e86e9..., userDataDir: C:\Users\shish\AppData\Loca...}, fedcm:accounts: true, goog:chromeOptions: {debuggerAddress: localhost:53487}, networkConnectionEnabled: false, pageLoadStrategy: normal, platformName: windows, proxy: Proxy(), se:cdp: ws://localhost:53487/devtoo..., se:cdpVersion: 138.0.7204.169, setWindowRect: true, strictFileInteractability: false, timeouts: {implicit: 0, pageLoad: 300000, script: 30000}, unhandledPromptBehavior: dismiss and notify, webauthn:extension:credBlob: true, webauthn:extension:largeBlob: true, webauthn:extension:minPinLength: true, webauthn:extension:prf: true, webauthn:virtualAuthenticators: true}
Session ID: 5ee6f6e86a3f772ed5efbb938fc622a2">
      <![CDATA[org.openqa.selenium.TimeoutException: Expected condition failed: waiting for visibility of element located by By.xpath: //span[text() = 'Profile'] (tried for 10 second(s) with 500 milliseconds interval)
Build info: version: '4.28.0', revision: 'ac342546e9'
System info: os.name: 'Windows 11', os.arch: 'amd64', os.version: '10.0', java.version: '23.0.1'
Driver info: org.openqa.selenium.chrome.ChromeDriver
Capabilities {acceptInsecureCerts: false, browserName: chrome, browserVersion: 138.0.7204.169, chrome: {chromedriverVersion: 138.0.7204.168 (3e8d82e86e9..., userDataDir: C:\Users\shish\AppData\Loca...}, fedcm:accounts: true, goog:chromeOptions: {debuggerAddress: localhost:53487}, networkConnectionEnabled: false, pageLoadStrategy: normal, platformName: windows, proxy: Proxy(), se:cdp: ws://localhost:53487/devtoo..., se:cdpVersion: 138.0.7204.169, setWindowRect: true, strictFileInteractability: false, timeouts: {implicit: 0, pageLoad: 300000, script: 30000}, unhandledPromptBehavior: dismiss and notify, webauthn:extension:credBlob: true, webauthn:extension:largeBlob: true, webauthn:extension:minPinLength: true, webauthn:extension:prf: true, webauthn:virtualAuthenticators: true}
Session ID: 5ee6f6e86a3f772ed5efbb938fc622a2
at org.openqa.selenium.support.ui.WebDriverWait.timeoutException(WebDriverWait.java:84)
at org.openqa.selenium.support.ui.FluentWait.until(FluentWait.java:228)
at common.SyncQuickDev.safeExplicitWait(SyncQuickDev.java:39)
at pages.ProfilePage.clickonProfileFun(ProfilePage.java:30)
at tests.ProfileTest.VerifyProfileFunctionality(ProfileTest.java:29)
at java.base/java.util.ArrayList.forEach(ArrayList.java:1597)
... Removed 25 stack frames]]>
    </failure>
  </testcase> <!-- VerifyProfileFunctionality -->
  <testcase classname="common.BasesetupQuickDev" name="@AfterSuite tearDownSuite" time="0.0">
    <ignored/>
  </testcase> <!-- @AfterSuite tearDownSuite -->
  <testcase classname="tests.OrganizationTest" name="OrganizationPageGifFunctionality" time="0.0">
    <ignored/>
  </testcase> <!-- OrganizationPageGifFunctionality -->
  <testcase classname="common.BasesetupQuickDev" name="@BeforeSuite setupSuite" time="0.0">
    <ignored/>
  </testcase> <!-- @BeforeSuite setupSuite -->
  <testcase classname="tests.ProfileTest" name="VerifyProfileJfifFunctionality" time="0.0">
    <ignored/>
  </testcase> <!-- VerifyProfileJfifFunctionality -->
  <testcase classname="tests.ProfileTest" name="VerifyProfilePngFunctionality" time="0.0">
    <ignored/>
  </testcase> <!-- VerifyProfilePngFunctionality -->
  <testcase classname="tests.ProfileTest" name="VerifyProfileGifFunctionality" time="0.0">
    <ignored/>
  </testcase> <!-- VerifyProfileGifFunctionality -->
</testsuite> <!-- QuickDev-Sanity -->
