<?xml version="1.0" encoding="UTF-8"?>
<!-- Generated by org.testng.reporters.JUnitXMLReporter -->
<testsuite ignored="1" hostname="DESKTOP-06TRTHG" failures="0" tests="1" name="OrganizationTestRun" time="0.314" errors="0" timestamp="2025-07-28T21:15:52 IST">
  <testcase classname="common.BasesetupQuickDev" name="@BeforeMethod beforeMethod" time="0.005">
    <failure type="java.lang.NullPointerException" message="Cannot invoke &amp;quot;com.aventstack.extentreports.ExtentReports.createTest(String)&amp;quot; because &amp;quot;this.extentReports&amp;quot; is null">
      <![CDATA[java.lang.NullPointerException: Cannot invoke "com.aventstack.extentreports.ExtentReports.createTest(String)" because "this.extentReports" is null
at common.BasesetupQuickDev.beforeMethod(BasesetupQuickDev.java:79)
at java.base/java.util.concurrent.Executors$RunnableAdapter.call(Executors.java:572)
at java.base/java.util.concurrent.FutureTask.run(FutureTask.java:317)
at java.base/java.util.concurrent.ThreadPoolExecutor.runWorker(ThreadPoolExecutor.java:1144)
at java.base/java.util.concurrent.ThreadPoolExecutor$Worker.run(ThreadPoolExecutor.java:642)
at java.base/java.lang.Thread.run(Thread.java:1575)
... Removed 15 stack frames]]>
    </failure>
  </testcase> <!-- @BeforeMethod beforeMethod -->
  <testcase classname="common.BasesetupQuickDev" name="@AfterMethod takeScreenshot" time="0.0">
    <skipped/>
  </testcase> <!-- @AfterMethod takeScreenshot -->
  <testcase classname="tests.OrganizationTest" name="varifyOrganizationPageFunctionality" time="0.001">
    <skipped/>
  </testcase> <!-- varifyOrganizationPageFunctionality -->
  <testcase classname="tests.OrganizationTest" name="OrganizationPageGifFunctionality" time="0.0">
    <ignored/>
  </testcase> <!-- OrganizationPageGifFunctionality -->
</testsuite> <!-- OrganizationTestRun -->
