<?xml version="1.0" encoding="UTF-8"?>
<!-- Generated by org.testng.reporters.JUnitXMLReporter -->
<testsuite ignored="3" hostname="DESKTOP-06TRTHG" failures="0" tests="1" name="ProfileTestRun" time="13.849" errors="0" timestamp="2025-07-28T21:16:06 IST">
  <testcase classname="tests.ProfileTest" name="VerifyProfileFunctionality" time="13.51"/>
  <testcase classname="tests.ProfileTest" name="VerifyProfileJfifFunctionality" time="0.0">
    <ignored/>
  </testcase> <!-- VerifyProfileJfifFunctionality -->
  <testcase classname="tests.ProfileTest" name="VerifyProfilePngFunctionality" time="0.0">
    <ignored/>
  </testcase> <!-- VerifyProfilePngFunctionality -->
  <testcase classname="tests.ProfileTest" name="VerifyProfileGifFunctionality" time="0.0">
    <ignored/>
  </testcase> <!-- VerifyProfileGifFunctionality -->
</testsuite> <!-- ProfileTestRun -->
