<?xml version="1.0" encoding="UTF-8"?>
<testng-results ignored="0" total="5" passed="5" failed="0" skipped="0">
  <reporter-output>
  </reporter-output>
  <suite started-at="2025-07-30T17:05:17 IST" name="Suite" finished-at="2025-07-30T17:05:17 IST" duration-ms="226">
    <groups>
    </groups>
    <test started-at="2025-07-30T17:05:17 IST" name="Test" finished-at="2025-07-30T17:05:17 IST" duration-ms="226">
      <class name="tests.JenkinsTest">
        <test-method signature="additionTest()[pri:0, instance:tests.JenkinsTest@2b40ff9c]" started-at="2025-07-30T17:05:17 IST" name="additionTest" finished-at="2025-07-30T17:05:17 IST" duration-ms="74" status="PASS">
          <reporter-output>
          </reporter-output>
        </test-method> <!-- additionTest -->
        <test-method signature="falseConditionTest()[pri:0, instance:tests.JenkinsTest@2b40ff9c]" started-at="2025-07-30T17:05:17 IST" name="falseConditionTest" finished-at="2025-07-30T17:05:17 IST" duration-ms="2" status="PASS">
          <reporter-output>
          </reporter-output>
        </test-method> <!-- falseConditionTest -->
        <test-method signature="printTest()[pri:0, instance:tests.JenkinsTest@2b40ff9c]" started-at="2025-07-30T17:05:17 IST" name="printTest" finished-at="2025-07-30T17:05:17 IST" duration-ms="2" status="PASS">
          <reporter-output>
          </reporter-output>
        </test-method> <!-- printTest -->
        <test-method signature="stringEqualityTest()[pri:0, instance:tests.JenkinsTest@2b40ff9c]" started-at="2025-07-30T17:05:17 IST" name="stringEqualityTest" finished-at="2025-07-30T17:05:17 IST" duration-ms="2" status="PASS">
          <reporter-output>
          </reporter-output>
        </test-method> <!-- stringEqualityTest -->
        <test-method signature="trueConditionTest()[pri:0, instance:tests.JenkinsTest@2b40ff9c]" started-at="2025-07-30T17:05:17 IST" name="trueConditionTest" finished-at="2025-07-30T17:05:17 IST" duration-ms="1" status="PASS">
          <reporter-output>
          </reporter-output>
        </test-method> <!-- trueConditionTest -->
      </class> <!-- tests.JenkinsTest -->
    </test> <!-- Test -->
  </suite> <!-- Suite -->
</testng-results>
