<?xml version="1.0" encoding="UTF-8"?>
<testng-results ignored="0" total="5" passed="5" failed="0" skipped="0">
  <reporter-output>
  </reporter-output>
  <suite started-at="2025-07-29T17:59:51 IST" name="Suite" finished-at="2025-07-29T17:59:51 IST" duration-ms="272">
    <groups>
    </groups>
    <test started-at="2025-07-29T17:59:51 IST" name="Test" finished-at="2025-07-29T17:59:51 IST" duration-ms="272">
      <class name="tests.JenkinsTest">
        <test-method signature="additionTest()[pri:0, instance:tests.JenkinsTest@7486b455]" started-at="2025-07-29T17:59:51 IST" name="additionTest" finished-at="2025-07-29T17:59:51 IST" duration-ms="88" status="PASS">
          <reporter-output>
          </reporter-output>
        </test-method> <!-- additionTest -->
        <test-method signature="falseConditionTest()[pri:0, instance:tests.JenkinsTest@7486b455]" started-at="2025-07-29T17:59:51 IST" name="falseConditionTest" finished-at="2025-07-29T17:59:51 IST" duration-ms="6" status="PASS">
          <reporter-output>
          </reporter-output>
        </test-method> <!-- falseConditionTest -->
        <test-method signature="printTest()[pri:0, instance:tests.JenkinsTest@7486b455]" started-at="2025-07-29T17:59:51 IST" name="printTest" finished-at="2025-07-29T17:59:51 IST" duration-ms="3" status="PASS">
          <reporter-output>
          </reporter-output>
        </test-method> <!-- printTest -->
        <test-method signature="stringEqualityTest()[pri:0, instance:tests.JenkinsTest@7486b455]" started-at="2025-07-29T17:59:51 IST" name="stringEqualityTest" finished-at="2025-07-29T17:59:51 IST" duration-ms="5" status="PASS">
          <reporter-output>
          </reporter-output>
        </test-method> <!-- stringEqualityTest -->
        <test-method signature="trueConditionTest()[pri:0, instance:tests.JenkinsTest@7486b455]" started-at="2025-07-29T17:59:51 IST" name="trueConditionTest" finished-at="2025-07-29T17:59:51 IST" duration-ms="8" status="PASS">
          <reporter-output>
          </reporter-output>
        </test-method> <!-- trueConditionTest -->
      </class> <!-- tests.JenkinsTest -->
    </test> <!-- Test -->
  </suite> <!-- Suite -->
</testng-results>
