<?xml version="1.0" encoding="UTF-8"?>
<testng-results ignored="0" total="10" passed="10" failed="0" skipped="0">
  <reporter-output>
  </reporter-output>
  <suite started-at="2025-07-29T17:19:42 IST" name="Suite" finished-at="2025-07-29T17:19:43 IST" duration-ms="452">
    <groups>
    </groups>
    <test started-at="2025-07-29T17:19:42 IST" name="Test" finished-at="2025-07-29T17:19:43 IST" duration-ms="452">
      <class name="tests.Demo">
        <test-method signature="test1()[pri:0, instance:tests.Demo@69ee81fc]" started-at="2025-07-29T17:19:42 IST" name="test1" finished-at="2025-07-29T17:19:42 IST" duration-ms="97" status="PASS">
          <reporter-output>
          </reporter-output>
        </test-method> <!-- test1 -->
        <test-method signature="test10()[pri:0, instance:tests.Demo@69ee81fc]" started-at="2025-07-29T17:19:43 IST" name="test10" finished-at="2025-07-29T17:19:43 IST" duration-ms="6" status="PASS">
          <reporter-output>
          </reporter-output>
        </test-method> <!-- test10 -->
        <test-method signature="test2()[pri:0, instance:tests.Demo@69ee81fc]" started-at="2025-07-29T17:19:43 IST" name="test2" finished-at="2025-07-29T17:19:43 IST" duration-ms="18" status="PASS">
          <reporter-output>
          </reporter-output>
        </test-method> <!-- test2 -->
        <test-method signature="test3()[pri:0, instance:tests.Demo@69ee81fc]" started-at="2025-07-29T17:19:43 IST" name="test3" finished-at="2025-07-29T17:19:43 IST" duration-ms="5" status="PASS">
          <reporter-output>
          </reporter-output>
        </test-method> <!-- test3 -->
        <test-method signature="test4()[pri:0, instance:tests.Demo@69ee81fc]" started-at="2025-07-29T17:19:43 IST" name="test4" finished-at="2025-07-29T17:19:43 IST" duration-ms="11" status="PASS">
          <reporter-output>
          </reporter-output>
        </test-method> <!-- test4 -->
        <test-method signature="test5()[pri:0, instance:tests.Demo@69ee81fc]" started-at="2025-07-29T17:19:43 IST" name="test5" finished-at="2025-07-29T17:19:43 IST" duration-ms="8" status="PASS">
          <reporter-output>
          </reporter-output>
        </test-method> <!-- test5 -->
        <test-method signature="test6()[pri:0, instance:tests.Demo@69ee81fc]" started-at="2025-07-29T17:19:43 IST" name="test6" finished-at="2025-07-29T17:19:43 IST" duration-ms="5" status="PASS">
          <reporter-output>
          </reporter-output>
        </test-method> <!-- test6 -->
        <test-method signature="test7()[pri:0, instance:tests.Demo@69ee81fc]" started-at="2025-07-29T17:19:43 IST" name="test7" finished-at="2025-07-29T17:19:43 IST" duration-ms="11" status="PASS">
          <reporter-output>
          </reporter-output>
        </test-method> <!-- test7 -->
        <test-method signature="test8()[pri:0, instance:tests.Demo@69ee81fc]" started-at="2025-07-29T17:19:43 IST" name="test8" finished-at="2025-07-29T17:19:43 IST" duration-ms="4" status="PASS">
          <reporter-output>
          </reporter-output>
        </test-method> <!-- test8 -->
        <test-method signature="test9()[pri:0, instance:tests.Demo@69ee81fc]" started-at="2025-07-29T17:19:43 IST" name="test9" finished-at="2025-07-29T17:19:43 IST" duration-ms="7" status="PASS">
          <reporter-output>
          </reporter-output>
        </test-method> <!-- test9 -->
      </class> <!-- tests.Demo -->
    </test> <!-- Test -->
  </suite> <!-- Suite -->
</testng-results>
