<?xml version="1.0" encoding="UTF-8"?>
<!-- Generated by org.testng.reporters.JUnitReportReporter -->
<testsuite hostname="DESKTOP-06TRTHG" failures="0" tests="5" name="tests.JenkinsTest" time="0.194" errors="0" timestamp="2025-07-29T20:02:19 IST" skipped="0">
  <testcase classname="tests.JenkinsTest" name="printTest" time="0.022"/>
  <testcase classname="tests.JenkinsTest" name="stringEqualityTest" time="0.004"/>
  <testcase classname="tests.JenkinsTest" name="additionTest" time="0.130"/>
  <testcase classname="tests.JenkinsTest" name="falseConditionTest" time="0.026"/>
  <testcase classname="tests.JenkinsTest" name="trueConditionTest" time="0.012"/>
</testsuite> <!-- tests.JenkinsTest -->
