<?xml version="1.0" encoding="UTF-8"?>
<!-- Generated by org.testng.reporters.JUnitReportReporter -->
<testsuite hostname="DESKTOP-06TRTHG" failures="0" tests="3" name="tests.AutomationDemo" time="9.247" errors="0" timestamp="2025-07-04T17:14:54 IST" skipped="2">
  <testcase classname="tests.AutomationDemo" name="verifywidgetsSkiderfunctionality" time="9.247"/>
  <testcase classname="tests.AutomationDemo" name="verifyswitchTopageFunctionality">
    <skipped/>
  </testcase> <!-- verifyswitchTopageFunctionality -->
  <testcase classname="tests.AutomationDemo" name="verifyhomepagefunctionality">
    <skipped/>
  </testcase> <!-- verifyhomepagefunctionality -->
</testsuite> <!-- tests.AutomationDemo -->
