<?xml version="1.0" encoding="UTF-8"?>
<!-- Generated by org.testng.reporters.JUnitReportReporter -->
<testsuite hostname="DESKTOP-06TRTHG" failures="0" tests="5" name="tests.JenkinsTest" time="0.110" errors="0" timestamp="2025-07-29T17:59:52 IST" skipped="0">
  <testcase classname="tests.JenkinsTest" name="printTest" time="0.003"/>
  <testcase classname="tests.JenkinsTest" name="stringEqualityTest" time="0.005"/>
  <testcase classname="tests.JenkinsTest" name="additionTest" time="0.088"/>
  <testcase classname="tests.JenkinsTest" name="falseConditionTest" time="0.006"/>
  <testcase classname="tests.JenkinsTest" name="trueConditionTest" time="0.008"/>
</testsuite> <!-- tests.JenkinsTest -->
