<?xml version="1.0" encoding="UTF-8"?>
<!-- Generated by org.testng.reporters.JUnitReportReporter -->
<testsuite hostname="DESKTOP-06TRTHG" failures="0" tests="3" name="tests.AutomationDemo" time="0.000" errors="0" timestamp="2025-07-29T16:09:41 IST" skipped="3">
  <testcase classname="tests.AutomationDemo" name="verifywidgetsSkiderfunctionality" time="0.000">
    <skipped/>
  </testcase> <!-- verifywidgetsSkiderfunctionality -->
  <testcase classname="tests.AutomationDemo" name="verifyhomepagefunctionality">
    <skipped/>
  </testcase> <!-- verifyhomepagefunctionality -->
  <testcase classname="tests.AutomationDemo" name="verifyswitchTopageFunctionality">
    <skipped/>
  </testcase> <!-- verifyswitchTopageFunctionality -->
</testsuite> <!-- tests.AutomationDemo -->
