<?xml version="1.0" encoding="UTF-8"?>
<!-- Generated by org.testng.reporters.JUnitReportReporter -->
<testsuite hostname="DESKTOP-06TRTHG" failures="0" tests="1" name="tests.DemoAutomation" time="43.139" errors="0" timestamp="2025-07-28T21:39:51 IST" skipped="0">
  <testcase classname="tests.DemoAutomation" name="loginFunctionality" time="43.139"/>
  <system-out>
    <![CDATA[Succesfully click on user name
succesfully click on orgnization page
succesfully entered description
succesfully entered phone number
succesfully Click On Upload logo button
succesfully upload Image]]>
  </system-out>
</testsuite> <!-- tests.DemoAutomation -->
