<?xml version="1.0" encoding="UTF-8"?>
<!-- Generated by org.testng.reporters.JUnitReportReporter -->
<testsuite hostname="DESKTOP-06TRTHG" failures="0" tests="5" name="tests.JenkinsTest" time="0.081" errors="0" timestamp="2025-07-30T17:05:17 IST" skipped="0">
  <testcase classname="tests.JenkinsTest" name="falseConditionTest" time="0.002"/>
  <testcase classname="tests.JenkinsTest" name="additionTest" time="0.074"/>
  <testcase classname="tests.JenkinsTest" name="trueConditionTest" time="0.001"/>
  <testcase classname="tests.JenkinsTest" name="printTest" time="0.002"/>
  <testcase classname="tests.JenkinsTest" name="stringEqualityTest" time="0.002"/>
</testsuite> <!-- tests.JenkinsTest -->
