<?xml version="1.0" encoding="UTF-8"?>
<!-- Generated by org.testng.reporters.JUnitReportReporter -->
<testsuite hostname="DESKTOP-06TRTHG" failures="0" tests="4" name="tests.ProfileTest" time="27.559" errors="0" timestamp="2025-07-29T17:15:46 IST" skipped="3">
  <testcase classname="tests.ProfileTest" name="VerifyProfileFunctionality" time="27.559">
    <system-out>
      <![CDATA[Succesfully click on user name
Succesfully Click On Profile
Succesfully Click On Update Profile
Succesfully Choose image
Succesfully Saved Image]]>
    </system-out>
  </testcase> <!-- VerifyProfileFunctionality -->
  <testcase classname="tests.ProfileTest" name="VerifyProfileJfifFunctionality">
    <skipped/>
  </testcase> <!-- VerifyProfileJfifFunctionality -->
  <testcase classname="tests.ProfileTest" name="VerifyProfilePngFunctionality">
    <skipped/>
  </testcase> <!-- VerifyProfilePngFunctionality -->
  <testcase classname="tests.ProfileTest" name="VerifyProfileGifFunctionality">
    <skipped/>
  </testcase> <!-- VerifyProfileGifFunctionality -->
  <system-out>
    <![CDATA[Succesfully click on user name
Succesfully Click On Profile
Succesfully Click On Update Profile
Succesfully Choose image
Succesfully Saved Image]]>
  </system-out>
</testsuite> <!-- tests.ProfileTest -->
