<?xml version="1.0" encoding="UTF-8"?>
<!-- Generated by org.testng.reporters.JUnitReportReporter -->
<testsuite hostname="DESKTOP-06TRTHG" failures="0" tests="3" name="tests.AutomationDemo" time="8.097" errors="0" timestamp="2025-07-29T16:11:49 IST" skipped="2">
  <testcase classname="tests.AutomationDemo" name="verifywidgetsSkiderfunctionality" time="8.097"/>
  <testcase classname="tests.AutomationDemo" name="verifyhomepagefunctionality">
    <skipped/>
  </testcase> <!-- verifyhomepagefunctionality -->
  <testcase classname="tests.AutomationDemo" name="verifyswitchTopageFunctionality">
    <skipped/>
  </testcase> <!-- verifyswitchTopageFunctionality -->
  <system-out>
    <![CDATA[Succesfully click on user name
Succesfully Click On Profile
Succesfully Click On Update Profile
Succesfully Choose image
Succesfully Saved Image]]>
  </system-out>
</testsuite> <!-- tests.AutomationDemo -->
