<?xml version="1.0" encoding="UTF-8"?>
<!-- Generated by org.testng.reporters.JUnitReportReporter -->
<testsuite hostname="DESKTOP-06TRTHG" failures="0" tests="10" name="tests.Demo" time="0.046" errors="0" timestamp="2025-07-29T17:15:46 IST" skipped="0">
  <testcase classname="tests.Demo" name="test3" time="0.003"/>
  <testcase classname="tests.Demo" name="test6" time="0.000"/>
  <testcase classname="tests.Demo" name="test4" time="0.004"/>
  <testcase classname="tests.Demo" name="test5" time="0.007"/>
  <testcase classname="tests.Demo" name="test2" time="0.005"/>
  <testcase classname="tests.Demo" name="test8" time="0.007"/>
  <testcase classname="tests.Demo" name="test1" time="0.000"/>
  <testcase classname="tests.Demo" name="test10" time="0.017"/>
  <testcase classname="tests.Demo" name="test7" time="0.003"/>
  <testcase classname="tests.Demo" name="test9" time="0.000"/>
  <system-out>
    <![CDATA[Succesfully click on user name
Succesfully Click On Profile
Succesfully Click On Update Profile
Succesfully Choose image
Succesfully Saved Image]]>
  </system-out>
</testsuite> <!-- tests.Demo -->
